<?xml version="1.0" encoding="UTF-8"?>
<!-- Generated by org.testng.reporters.JUnitReportReporter -->
<testsuite hostname="SMTC-R-0172" failures="0" tests="3" name="test_NG.Test1" time="12.153" errors="0" timestamp="2023-04-04T15:13:05 IST" skipped="0">
  <testcase classname="test_NG.Test1" name="findhomelink" time="3.531"/>
  <system-out/>
  <testcase classname="test_NG.Test1" name="findhomelink" time="3.511"/>
  <system-out/>
  <testcase classname="test_NG.Test1" name="findhomelink" time="5.111"/>
  <system-out/>
</testsuite> <!-- test_NG.Test1 -->
