<?xml version="1.0" encoding="UTF-8"?>
<!-- Generated by org.testng.reporters.JUnitReportReporter -->
<testsuite hostname="SMTC-R-0172" failures="0" tests="1" name="test_NG.Flipkart_signin" time="8.290" errors="0" timestamp="2023-04-04T23:49:33 IST" skipped="0">
  <testcase classname="test_NG.Flipkart_signin" name="signin" time="8.290"/>
  <system-out/>
</testsuite> <!-- test_NG.Flipkart_signin -->
