<?xml version="1.0" encoding="UTF-8"?>
<!-- Generated by org.testng.reporters.JUnitReportReporter -->
<testsuite hostname="SMTC-R-0172" failures="0" tests="1" name="test_NG.All_links" time="4.333" errors="0" timestamp="2023-04-04T16:20:13 IST" skipped="0">
  <testcase classname="test_NG.All_links" name="printalllinks" time="4.333"/>
  <system-out/>
</testsuite> <!-- test_NG.All_links -->
